total 64
-rwxrwxr-x 1 jessica-ralhan jessica-ralhan 275 Jan 19 17:41 directory-file-count.sh
-rwxrwxr-x 1 jessica-ralhan jessica-ralhan 399 Jan 20 01:10 disk-space-monitor.sh
-rw-rw-r-- 1 jessica-ralhan jessica-ralhan  23 Jan 20 01:11 disk_usage_warnings.log
-rwxrwxr-x 1 jessica-ralhan jessica-ralhan 159 Jan 19 18:01 duplicate-line-remover.sh
-rw-rw-r-- 1 jessica-ralhan jessica-ralhan  21 Jan 20 01:52 error_report.txt
-rwxrwxr-x 1 jessica-ralhan jessica-ralhan 437 Jan 20 01:14 file-ownership-debugger.sh
-rwxrwxr-x 1 jessica-ralhan jessica-ralhan 915 Jan 19 17:30 file-permission-checker.sh
-rwxrwxr-x 1 jessica-ralhan jessica-ralhan 362 Jan 20 01:06 file-size-checker.sh
-rw-rw-r-- 1 jessica-ralhan jessica-ralhan  90 Jan 19 18:07 input.txt
-rw-rw-r-- 1 jessica-ralhan jessica-ralhan   0 Jan 20 01:07 myfile.txt
-rwxrwxr-x 1 jessica-ralhan jessica-ralhan 341 Jan 20 01:01 network-connectivity-tester.sh
-rw-rw-r-- 1 jessica-ralhan jessica-ralhan  75 Jan 19 18:07 output.txt
-rw-rw-r-- 1 jessica-ralhan jessica-ralhan  35 Jan 20 01:16 ownership_issues.log
-rw-rw-r-- 1 jessica-ralhan jessica-ralhan 115 Jan 20 00:58 results.log
-rw-rw-r-- 1 jessica-ralhan jessica-ralhan   0 Jan 19 11:57 sample-file.sh
-rw-rw-r-- 1 jessica-ralhan jessica-ralhan   0 Jan 19 11:57 sample-file.txt
-rw-rw-r-- 1 jessica-ralhan jessica-ralhan   0 Jan 20 01:54 server_logs.log
-rwxrwxr-x 1 jessica-ralhan jessica-ralhan 173 Jan 19 18:15 string-search-in-files.sh
-rw-rw-r-- 1 jessica-ralhan jessica-ralhan  47 Jan 20 00:57 targets.txt
-rwxrwxr-x 1 jessica-ralhan jessica-ralhan 499 Jan 20 01:52 text-report-generator.sh
total 68
-rwxrwxr-x 1 jessica-ralhan jessica-ralhan  275 Jan 19 17:41 directory-file-count.sh
-rwxrwxr-x 1 jessica-ralhan jessica-ralhan  399 Jan 20 01:10 disk-space-monitor.sh
-rw-rw-r-- 1 jessica-ralhan jessica-ralhan   23 Jan 20 01:11 disk_usage_warnings.log
-rwxrwxr-x 1 jessica-ralhan jessica-ralhan  159 Jan 19 18:01 duplicate-line-remover.sh
-rw-rw-r-- 1 jessica-ralhan jessica-ralhan   21 Jan 20 01:52 error_report.txt
-rwxrwxr-x 1 jessica-ralhan jessica-ralhan  437 Jan 20 01:14 file-ownership-debugger.sh
-rwxrwxr-x 1 jessica-ralhan jessica-ralhan  915 Jan 19 17:30 file-permission-checker.sh
-rwxrwxr-x 1 jessica-ralhan jessica-ralhan  362 Jan 20 01:06 file-size-checker.sh
-rw-rw-r-- 1 jessica-ralhan jessica-ralhan   90 Jan 19 18:07 input.txt
-rw-rw-r-- 1 jessica-ralhan jessica-ralhan    0 Jan 20 01:07 myfile.txt
-rwxrwxr-x 1 jessica-ralhan jessica-ralhan  341 Jan 20 01:01 network-connectivity-tester.sh
-rw-rw-r-- 1 jessica-ralhan jessica-ralhan   75 Jan 19 18:07 output.txt
-rw-rw-r-- 1 jessica-ralhan jessica-ralhan   35 Jan 20 01:16 ownership_issues.log
-rw-rw-r-- 1 jessica-ralhan jessica-ralhan  115 Jan 20 00:58 results.log
-rw-rw-r-- 1 jessica-ralhan jessica-ralhan    0 Jan 19 11:57 sample-file.sh
-rw-rw-r-- 1 jessica-ralhan jessica-ralhan    0 Jan 19 11:57 sample-file.txt
-rw-rw-r-- 1 jessica-ralhan jessica-ralhan 1603 Jan 20 01:54 server_logs.log
-rwxrwxr-x 1 jessica-ralhan jessica-ralhan  173 Jan 19 18:15 string-search-in-files.sh
-rw-rw-r-- 1 jessica-ralhan jessica-ralhan   47 Jan 20 00:57 targets.txt
-rwxrwxr-x 1 jessica-ralhan jessica-ralhan  499 Jan 20 01:52 text-report-generator.sh
